<?xml version="1.0" encoding="UTF-8" ?>
<testsuite errors="0" failures="0" hostname="MacBook-Pro-khxng-Danai.local" name="RationalTest" skipped="0" tests="6" time="0.021" timestamp="2568-09-04T14:17:08">
  <properties>
    <property name="ant.project.invoked-targets" value="test" />
    <property name="java.runtime.name" value="OpenJDK Runtime Environment" />
    <property name="sun.boot.library.path" value="/Users/danaisuwantanee/Library/Java/JavaVirtualMachines/corretto-1.8.0_462/Contents/Home/jre/lib" />
    <property name="java.vm.version" value="25.462-b08" />
    <property name="ant.library.dir" value="/Users/danaisuwantanee/Library/Application Support/JetBrains/IdeaIC2025.2/plugins/ant/dist/lib" />
    <property name="gopherProxySet" value="false" />
    <property name="ant.version" value="Apache Ant(TM) version 1.10.14 compiled on August 16 2023" />
    <property name="ant.java.version" value="1.8" />
    <property name="java.vm.vendor" value="Amazon.com Inc." />
    <property name="java.vendor.url" value="https://aws.amazon.com/corretto/" />
    <property name="path.separator" value=":" />
    <property name="java.vm.name" value="OpenJDK 64-Bit Server VM" />
    <property name="file.encoding.pkg" value="sun.io" />
    <property name="user.country" value="TH" />
    <property name="sun.java.launcher" value="SUN_STANDARD" />
    <property name="sun.os.patch.level" value="unknown" />
    <property name="java.vm.specification.name" value="Java Virtual Machine Specification" />
    <property name="user.dir" value="/Users/danaisuwantanee/Desktop/Rational" />
    <property name="java.runtime.version" value="1.8.0_462-b08" />
    <property name="java.awt.graphicsenv" value="sun.awt.CGraphicsEnvironment" />
    <property name="basedir" value="/Users/danaisuwantanee/Desktop/Rational" />
    <property name="java.endorsed.dirs" value="/Users/danaisuwantanee/Library/Java/JavaVirtualMachines/corretto-1.8.0_462/Contents/Home/jre/lib/endorsed" />
    <property name="os.arch" value="aarch64" />
    <property name="java.io.tmpdir" value="/var/folders/2m/86r09_r56k3065bp73d7hclh0000gn/T/" />
    <property name="ant.core.lib" value="/Users/danaisuwantanee/Library/Application Support/JetBrains/IdeaIC2025.2/plugins/ant/dist/ant.jar" />
    <property name="line.separator" value="&#xa;" />
    <property name="java.vm.specification.vendor" value="Oracle Corporation" />
    <property name="os.name" value="Mac OS X" />
    <property name="ant.home" value="/Users/danaisuwantanee/Library/Application Support/JetBrains/IdeaIC2025.2/plugins/ant/dist" />
    <property name="sun.jnu.encoding" value="UTF-8" />
    <property name="java.library.path" value="/Users/danaisuwantanee/Library/Java/Extensions:/Library/Java/Extensions:/Network/Library/Java/Extensions:/System/Library/Java/Extensions:/usr/lib/java:." />
    <property name="java.specification.name" value="Java Platform API Specification" />
    <property name="java.class.version" value="52.0" />
    <property name="sun.management.compiler" value="HotSpot 64-Bit Tiered Compilers" />
    <property name="os.version" value="15.5" />
    <property name="ant.file" value="/Users/danaisuwantanee/Desktop/Rational/build.xml" />
    <property name="http.nonProxyHosts" value="local|*.local|169.254/16|*.169.254/16" />
    <property name="user.home" value="/Users/danaisuwantanee" />
    <property name="user.timezone" value="" />
    <property name="java.awt.printerjob" value="sun.lwawt.macosx.CPrinterJob" />
    <property name="java.specification.version" value="1.8" />
    <property name="file.encoding" value="UTF-8" />
    <property name="java.class.path" value="/Users/danaisuwantanee/Library/Application Support/JetBrains/IdeaIC2025.2/plugins/ant/dist/ant.jar:/Users/danaisuwantanee/Library/Java/JavaVirtualMachines/corretto-1.8.0_462/Contents/Home/lib/tools.jar:/Applications/IntelliJ IDEA CE.app/Contents/lib/idea_rt.jar" />
    <property name="user.name" value="danaisuwantanee" />
    <property name="java.vm.specification.version" value="1.8" />
    <property name="java.home" value="/Users/danaisuwantanee/Library/Java/JavaVirtualMachines/corretto-1.8.0_462/Contents/Home/jre" />
    <property name="sun.arch.data.model" value="64" />
    <property name="sun.java.command" value="com.intellij.rt.ant.execution.AntMain2 -logger com.intellij.rt.ant.execution.IdeaAntLogger2 -inputhandler com.intellij.rt.ant.execution.IdeaInputHandler -buildfile /Users/danaisuwantanee/Desktop/Rational/build.xml test" />
    <property name="java.specification.vendor" value="Oracle Corporation" />
    <property name="user.language" value="th" />
    <property name="awt.toolkit" value="sun.lwawt.macosx.LWCToolkit" />
    <property name="java.vm.info" value="mixed mode" />
    <property name="java.version" value="1.8.0_462" />
    <property name="java.ext.dirs" value="/Users/danaisuwantanee/Library/Java/Extensions:/Users/danaisuwantanee/Library/Java/JavaVirtualMachines/corretto-1.8.0_462/Contents/Home/jre/lib/ext:/Library/Java/Extensions:/Network/Library/Java/Extensions:/System/Library/Java/Extensions:/usr/lib/java" />
    <property name="sun.boot.class.path" value="/Users/danaisuwantanee/Library/Java/JavaVirtualMachines/corretto-1.8.0_462/Contents/Home/jre/lib/resources.jar:/Users/danaisuwantanee/Library/Java/JavaVirtualMachines/corretto-1.8.0_462/Contents/Home/jre/lib/rt.jar:/Users/danaisuwantanee/Library/Java/JavaVirtualMachines/corretto-1.8.0_462/Contents/Home/jre/lib/sunrsasign.jar:/Users/danaisuwantanee/Library/Java/JavaVirtualMachines/corretto-1.8.0_462/Contents/Home/jre/lib/jsse.jar:/Users/danaisuwantanee/Library/Java/JavaVirtualMachines/corretto-1.8.0_462/Contents/Home/jre/lib/jce.jar:/Users/danaisuwantanee/Library/Java/JavaVirtualMachines/corretto-1.8.0_462/Contents/Home/jre/lib/charsets.jar:/Users/danaisuwantanee/Library/Java/JavaVirtualMachines/corretto-1.8.0_462/Contents/Home/jre/lib/jfr.jar:/Users/danaisuwantanee/Library/Java/JavaVirtualMachines/corretto-1.8.0_462/Contents/Home/jre/classes" />
    <property name="java.vendor" value="Amazon.com Inc." />
    <property name="java.specification.maintenance.version" value="6" />
    <property name="file.separator" value="/" />
    <property name="java.vendor.url.bug" value="https://github.com/corretto/corretto-8/issues/" />
    <property name="sun.cpu.endian" value="little" />
    <property name="sun.io.unicode.encoding" value="UnicodeBig" />
    <property name="ant.file.type" value="file" />
    <property name="socksNonProxyHosts" value="local|*.local|169.254/16|*.169.254/16" />
    <property name="ftp.nonProxyHosts" value="local|*.local|169.254/16|*.169.254/16" />
    <property name="sun.cpu.isalist" value="" />
  </properties>
  <testcase classname="RationalTest" name="testAdd" time="0.003" />
  <testcase classname="RationalTest" name="testDev" time="0.0" />
  <testcase classname="RationalTest" name="testMul" time="0.0" />
  <testcase classname="RationalTest" name="testSub" time="0.0" />
  <testcase classname="RationalTest" name="testEq" time="0.001" />
  <testcase classname="RationalTest" name="testCompare" time="0.0" />
  <system-out><![CDATA[Initializing the two Rational numbers.
Clear up the two Rational numbers.
Initializing the two Rational numbers.
Clear up the two Rational numbers.
Initializing the two Rational numbers.
Clear up the two Rational numbers.
Initializing the two Rational numbers.
Clear up the two Rational numbers.
Initializing the two Rational numbers.
Clear up the two Rational numbers.
Initializing the two Rational numbers.
Clear up the two Rational numbers.
]]></system-out>
  <system-err><![CDATA[]]></system-err>
</testsuite>
